#
# There is insufficient memory for the Java Runtime Environment to continue.
# Native memory allocation (mmap) failed to map 65536 bytes for Failed to commit metaspace.
# Possible reasons:
#   The system is out of physical RAM or swap space
#   The process is running with CompressedOops enabled, and the Java Heap may be blocking the growth of the native heap
# Possible solutions:
#   Reduce memory load on the system
#   Increase physical memory or swap space
#   Check if swap backing store is full
#   Decrease Java heap size (-Xmx/-Xms)
#   Decrease number of Java threads
#   Decrease Java thread stack sizes (-Xss)
#   Set larger code cache with -XX:ReservedCodeCacheSize=
#   JVM is running with Zero Based Compressed Oops mode in which the Java heap is
#     placed in the first 32GB address space. The Java Heap base address is the
#     maximum limit for the native heap growth. Please use -XX:HeapBaseMinAddress
#     to set the Java Heap base and to place the Java Heap above 32GB virtual address.
# This output file may be truncated or incomplete.
#
#  Out of Memory Error (virtualSpaceNode.cpp:112), pid=31740, tid=25320
#
# JRE version: OpenJDK Runtime Environment (21.0.2+13) (build 21.0.2+13-58)
# Java VM: OpenJDK 64-Bit Server VM (21.0.2+13-58, mixed mode, sharing, tiered, compressed oops, compressed class ptrs, g1 gc, windows-amd64)
# No core dump will be written. Minidumps are not enabled by default on client versions of Windows
#

---------------  S U M M A R Y ------------

Command Line: -javaagent:C:\Program Files\JetBrains\IntelliJ IDEA Community Edition 2023.3.4\lib\idea_rt.jar=57640 -Dfile.encoding=UTF-8 -Dsun.stdout.encoding=UTF-8 -Dsun.stderr.encoding=UTF-8 org.cnasm.Sisem.SisemApplication

Host: AMD Ryzen 7 5700X 8-Core Processor             , 16 cores, 15G,  Windows 10 , 64 bit Build 19041 (10.0.19041.5678)
Time: Tue May 13 11:46:18 2025 Hora estándar de Montevideo elapsed time: 0.161140 seconds (0d 0h 0m 0s)

---------------  T H R E A D  ---------------

Current thread (0x000001b56c9acb90):  JavaThread "main"             [_thread_in_vm, id=25320, stack(0x00000052aa400000,0x00000052aa500000) (1024K)]

Stack: [0x00000052aa400000,0x00000052aa500000]
Native frames: (J=compiled Java code, j=interpreted, Vv=VM code, C=native code)
V  [jvm.dll+0x6cade9]
V  [jvm.dll+0x8569c1]
V  [jvm.dll+0x858d2e]
V  [jvm.dll+0x859413]
V  [jvm.dll+0x280e56]
V  [jvm.dll+0x8526ee]
V  [jvm.dll+0x66e705]
V  [jvm.dll+0x1e68cc]
V  [jvm.dll+0x1e669e]
V  [jvm.dll+0x67104c]
V  [jvm.dll+0x670e62]
V  [jvm.dll+0x66f0de]
V  [jvm.dll+0x26b47f]
V  [jvm.dll+0x679305]
V  [jvm.dll+0x217b73]
V  [jvm.dll+0x2180b5]
V  [jvm.dll+0x218ad1]
V  [jvm.dll+0x20dd9e]
V  [jvm.dll+0x5ad3dc]
V  [jvm.dll+0x7cf5e6]
V  [jvm.dll+0x470270]
V  [jvm.dll+0x475ef8]
C  [java.dll+0x17ec]

Java frames: (J=compiled Java code, j=interpreted, Vv=VM code)
j  java.lang.ClassLoader.defineClass1(Ljava/lang/ClassLoader;Ljava/lang/String;[BIILjava/security/ProtectionDomain;Ljava/lang/String;)Ljava/lang/Class;+0 java.base@21.0.2
j  java.lang.ClassLoader.defineClass(Ljava/lang/String;[BIILjava/security/ProtectionDomain;)Ljava/lang/Class;+27 java.base@21.0.2
j  java.security.SecureClassLoader.defineClass(Ljava/lang/String;[BIILjava/security/CodeSource;)Ljava/lang/Class;+12 java.base@21.0.2
j  jdk.internal.loader.BuiltinClassLoader.defineClass(Ljava/lang/String;Ljdk/internal/loader/Resource;)Ljava/lang/Class;+117 java.base@21.0.2
j  jdk.internal.loader.BuiltinClassLoader.findClassOnClassPathOrNull(Ljava/lang/String;)Ljava/lang/Class;+37 java.base@21.0.2
j  jdk.internal.loader.BuiltinClassLoader.loadClassOrNull(Ljava/lang/String;Z)Ljava/lang/Class;+111 java.base@21.0.2
j  jdk.internal.loader.BuiltinClassLoader.loadClass(Ljava/lang/String;Z)Ljava/lang/Class;+3 java.base@21.0.2
j  jdk.internal.loader.ClassLoaders$AppClassLoader.loadClass(Ljava/lang/String;Z)Ljava/lang/Class;+36 java.base@21.0.2
j  java.lang.ClassLoader.loadClass(Ljava/lang/String;)Ljava/lang/Class;+3 java.base@21.0.2
v  ~StubRoutines::call_stub 0x000001b50745100d
j  ch.qos.logback.core.util.Loader.<clinit>()V+7
v  ~StubRoutines::call_stub 0x000001b50745100d
j  ch.qos.logback.classic.util.ContextInitializer.autoConfig(Ljava/lang/ClassLoader;)V+1
j  ch.qos.logback.classic.util.ContextInitializer.autoConfig()V+6
j  ch.qos.logback.classic.spi.LogbackServiceProvider.initializeLoggerContext()V+11
j  ch.qos.logback.classic.spi.LogbackServiceProvider.initialize()V+21
j  org.slf4j.LoggerFactory.bind()V+40
j  org.slf4j.LoggerFactory.performInitialization()V+0
j  org.slf4j.LoggerFactory.getProvider()Lorg/slf4j/spi/SLF4JServiceProvider;+21
j  org.slf4j.LoggerFactory.getILoggerFactory()Lorg/slf4j/ILoggerFactory;+0
j  org.slf4j.LoggerFactory.getLogger(Ljava/lang/String;)Lorg/slf4j/Logger;+0
j  org.apache.commons.logging.LogAdapter$Slf4jAdapter.createLocationAwareLog(Ljava/lang/String;)Lorg/apache/commons/logging/Log;+1
j  org.apache.commons.logging.LogAdapter$$Lambda+0x000001b51000a190.apply(Ljava/lang/Object;)Ljava/lang/Object;+4
j  org.apache.commons.logging.LogAdapter.createLog(Ljava/lang/String;)Lorg/apache/commons/logging/Log;+4
j  org.apache.commons.logging.LogFactory.getLog(Ljava/lang/String;)Lorg/apache/commons/logging/Log;+1
j  org.apache.commons.logging.LogFactory.getLog(Ljava/lang/Class;)Lorg/apache/commons/logging/Log;+4
j  org.springframework.boot.SpringApplication.<clinit>()V+2
v  ~StubRoutines::call_stub 0x000001b50745100d
j  org.cnasm.Sisem.SisemApplication.main([Ljava/lang/String;)V+3
v  ~StubRoutines::call_stub 0x000001b50745100d

---------------  P R O C E S S  ---------------

Threads class SMR info:
_java_thread_list=0x000001b57fbe34b0, length=15, elements={
0x000001b56c9acb90, 0x000001b57edc4e80, 0x000001b57edc5c90, 0x000001b57edc98c0,
0x000001b57edca5a0, 0x000001b57edcb360, 0x000001b57edcbdc0, 0x000001b57f9b8980,
0x000001b57f9d95e0, 0x000001b57fae2520, 0x000001b57fae8a80, 0x000001b57fae9b50,
0x000001b57fc68250, 0x000001b57fd7d270, 0x000001b57fd9a2f0
}

Java Threads: ( => current thread )
=>0x000001b56c9acb90 JavaThread "main"                              [_thread_in_vm, id=25320, stack(0x00000052aa400000,0x00000052aa500000) (1024K)]
  0x000001b57edc4e80 JavaThread "Reference Handler"          daemon [_thread_blocked, id=31316, stack(0x00000052aac00000,0x00000052aad00000) (1024K)]
  0x000001b57edc5c90 JavaThread "Finalizer"                  daemon [_thread_blocked, id=25272, stack(0x00000052aad00000,0x00000052aae00000) (1024K)]
  0x000001b57edc98c0 JavaThread "Signal Dispatcher"          daemon [_thread_blocked, id=6676, stack(0x00000052aae00000,0x00000052aaf00000) (1024K)]
  0x000001b57edca5a0 JavaThread "Attach Listener"            daemon [_thread_blocked, id=15932, stack(0x00000052aaf00000,0x00000052ab000000) (1024K)]
  0x000001b57edcb360 JavaThread "Service Thread"             daemon [_thread_blocked, id=45888, stack(0x00000052ab000000,0x00000052ab100000) (1024K)]
  0x000001b57edcbdc0 JavaThread "Monitor Deflation Thread"   daemon [_thread_blocked, id=20792, stack(0x00000052ab100000,0x00000052ab200000) (1024K)]
  0x000001b57f9b8980 JavaThread "C2 CompilerThread0"         daemon [_thread_blocked, id=28860, stack(0x00000052ab200000,0x00000052ab300000) (1024K)]
  0x000001b57f9d95e0 JavaThread "C1 CompilerThread0"         daemon [_thread_blocked, id=29228, stack(0x00000052ab300000,0x00000052ab400000) (1024K)]
  0x000001b57fae2520 JavaThread "Common-Cleaner"             daemon [_thread_blocked, id=28472, stack(0x00000052ab400000,0x00000052ab500000) (1024K)]
  0x000001b57fae8a80 JavaThread "C1 CompilerThread1"         daemon [_thread_blocked, id=19104, stack(0x00000052ab500000,0x00000052ab600000) (1024K)]
  0x000001b57fae9b50 JavaThread "C1 CompilerThread2"         daemon [_thread_blocked, id=2028, stack(0x00000052ab600000,0x00000052ab700000) (1024K)]
  0x000001b57fc68250 JavaThread "C2 CompilerThread1"         daemon [_thread_blocked, id=32448, stack(0x00000052ab700000,0x00000052ab800000) (1024K)]
  0x000001b57fd7d270 JavaThread "Monitor Ctrl-Break"         daemon [_thread_in_native, id=35604, stack(0x00000052ab800000,0x00000052ab900000) (1024K)]
  0x000001b57fd9a2f0 JavaThread "Notification Thread"        daemon [_thread_blocked, id=42284, stack(0x00000052ab900000,0x00000052aba00000) (1024K)]
Total: 15

Other Threads:
  0x000001b57eda50d0 VMThread "VM Thread"                           [id=46000, stack(0x00000052aab00000,0x00000052aac00000) (1024K)]
  0x000001b57ed91680 WatcherThread "VM Periodic Task Thread"        [id=34996, stack(0x00000052aaa00000,0x00000052aab00000) (1024K)]
  0x000001b56ec800a0 WorkerThread "GC Thread#0"                     [id=37432, stack(0x00000052aa500000,0x00000052aa600000) (1024K)]
  0x000001b56ec91100 ConcurrentGCThread "G1 Main Marker"            [id=29556, stack(0x00000052aa600000,0x00000052aa700000) (1024K)]
  0x000001b56ec923a0 WorkerThread "G1 Conc#0"                       [id=16476, stack(0x00000052aa700000,0x00000052aa800000) (1024K)]
  0x000001b57ec561d0 ConcurrentGCThread "G1 Refine#0"               [id=22612, stack(0x00000052aa800000,0x00000052aa900000) (1024K)]
  0x000001b56ecdccf0 ConcurrentGCThread "G1 Service"                [id=38076, stack(0x00000052aa900000,0x00000052aaa00000) (1024K)]
Total: 7

Threads with active compile tasks:
Total: 0

VM state: not at safepoint (normal execution)

VM Mutex/Monitor currently owned by a thread:  ([mutex/lock_event])
[0x00007ffb0a43ace8] Metaspace_lock - owner thread: 0x000001b56c9acb90

Heap address: 0x0000000701200000, size: 4078 MB, Compressed Oops mode: Zero based, Oop shift amount: 3

CDS archive(s) mapped at: [0x000001b50f000000-0x000001b50fc90000-0x000001b50fc90000), size 13172736, SharedBaseAddress: 0x000001b50f000000, ArchiveRelocationMode: 1.
Compressed class space mapped at: 0x000001b510000000-0x000001b550000000, reserved size: 1073741824
Narrow klass base: 0x000001b50f000000, Narrow klass shift: 0, Narrow klass range: 0x100000000

GC Precious Log:
 CardTable entry size: 512
 Card Set container configuration: InlinePtr #cards 4 size 8 Array Of Cards #cards 16 size 48 Howl #buckets 8 coarsen threshold 3686 Howl Bitmap #cards 512 size 80 coarsen threshold 460 Card regions per heap region 1 cards per card region 4096
 CPUs: 16 total, 16 available
 Memory: 16307M
 Large Page Support: Disabled
 NUMA Support: Disabled
 Compressed Oops: Enabled (Zero based)
 Heap Region Size: 2M
 Heap Min Capacity: 8M
 Heap Initial Capacity: 256M
 Heap Max Capacity: 4078M
 Pre-touch: Disabled
 Parallel Workers: 13
 Concurrent Workers: 3
 Concurrent Refinement Workers: 13
 Periodic GC: Disabled

Heap:
 garbage-first heap   total 262144K, used 10240K [0x0000000701200000, 0x0000000800000000)
  region size 2048K, 7 young (14336K), 0 survivors (0K)
 Metaspace       used 1738K, committed 1920K, reserved 1114112K
  class space    used 138K, committed 256K, reserved 1048576K

Heap Regions: E=young(eden), S=young(survivor), O=old, HS=humongous(starts), HC=humongous(continues), CS=collection set, F=free, TAMS=top-at-mark-start, PB=parsable bottom
|   0|0x0000000701200000, 0x0000000701200000, 0x0000000701400000|  0%| F|  |TAMS 0x0000000701200000| PB 0x0000000701200000| Untracked 
|   1|0x0000000701400000, 0x0000000701400000, 0x0000000701600000|  0%| F|  |TAMS 0x0000000701400000| PB 0x0000000701400000| Untracked 
|   2|0x0000000701600000, 0x0000000701600000, 0x0000000701800000|  0%| F|  |TAMS 0x0000000701600000| PB 0x0000000701600000| Untracked 
|   3|0x0000000701800000, 0x0000000701800000, 0x0000000701a00000|  0%| F|  |TAMS 0x0000000701800000| PB 0x0000000701800000| Untracked 
|   4|0x0000000701a00000, 0x0000000701a00000, 0x0000000701c00000|  0%| F|  |TAMS 0x0000000701a00000| PB 0x0000000701a00000| Untracked 
|   5|0x0000000701c00000, 0x0000000701c00000, 0x0000000701e00000|  0%| F|  |TAMS 0x0000000701c00000| PB 0x0000000701c00000| Untracked 
|   6|0x0000000701e00000, 0x0000000701e00000, 0x0000000702000000|  0%| F|  |TAMS 0x0000000701e00000| PB 0x0000000701e00000| Untracked 
|   7|0x0000000702000000, 0x0000000702000000, 0x0000000702200000|  0%| F|  |TAMS 0x0000000702000000| PB 0x0000000702000000| Untracked 
|   8|0x0000000702200000, 0x0000000702200000, 0x0000000702400000|  0%| F|  |TAMS 0x0000000702200000| PB 0x0000000702200000| Untracked 
|   9|0x0000000702400000, 0x0000000702400000, 0x0000000702600000|  0%| F|  |TAMS 0x0000000702400000| PB 0x0000000702400000| Untracked 
|  10|0x0000000702600000, 0x0000000702600000, 0x0000000702800000|  0%| F|  |TAMS 0x0000000702600000| PB 0x0000000702600000| Untracked 
|  11|0x0000000702800000, 0x0000000702800000, 0x0000000702a00000|  0%| F|  |TAMS 0x0000000702800000| PB 0x0000000702800000| Untracked 
|  12|0x0000000702a00000, 0x0000000702a00000, 0x0000000702c00000|  0%| F|  |TAMS 0x0000000702a00000| PB 0x0000000702a00000| Untracked 
|  13|0x0000000702c00000, 0x0000000702c00000, 0x0000000702e00000|  0%| F|  |TAMS 0x0000000702c00000| PB 0x0000000702c00000| Untracked 
|  14|0x0000000702e00000, 0x0000000702e00000, 0x0000000703000000|  0%| F|  |TAMS 0x0000000702e00000| PB 0x0000000702e00000| Untracked 
|  15|0x0000000703000000, 0x0000000703000000, 0x0000000703200000|  0%| F|  |TAMS 0x0000000703000000| PB 0x0000000703000000| Untracked 
|  16|0x0000000703200000, 0x0000000703200000, 0x0000000703400000|  0%| F|  |TAMS 0x0000000703200000| PB 0x0000000703200000| Untracked 
|  17|0x0000000703400000, 0x0000000703400000, 0x0000000703600000|  0%| F|  |TAMS 0x0000000703400000| PB 0x0000000703400000| Untracked 
|  18|0x0000000703600000, 0x0000000703600000, 0x0000000703800000|  0%| F|  |TAMS 0x0000000703600000| PB 0x0000000703600000| Untracked 
|  19|0x0000000703800000, 0x0000000703800000, 0x0000000703a00000|  0%| F|  |TAMS 0x0000000703800000| PB 0x0000000703800000| Untracked 
|  20|0x0000000703a00000, 0x0000000703a00000, 0x0000000703c00000|  0%| F|  |TAMS 0x0000000703a00000| PB 0x0000000703a00000| Untracked 
|  21|0x0000000703c00000, 0x0000000703c00000, 0x0000000703e00000|  0%| F|  |TAMS 0x0000000703c00000| PB 0x0000000703c00000| Untracked 
|  22|0x0000000703e00000, 0x0000000703e00000, 0x0000000704000000|  0%| F|  |TAMS 0x0000000703e00000| PB 0x0000000703e00000| Untracked 
|  23|0x0000000704000000, 0x0000000704000000, 0x0000000704200000|  0%| F|  |TAMS 0x0000000704000000| PB 0x0000000704000000| Untracked 
|  24|0x0000000704200000, 0x0000000704200000, 0x0000000704400000|  0%| F|  |TAMS 0x0000000704200000| PB 0x0000000704200000| Untracked 
|  25|0x0000000704400000, 0x0000000704400000, 0x0000000704600000|  0%| F|  |TAMS 0x0000000704400000| PB 0x0000000704400000| Untracked 
|  26|0x0000000704600000, 0x0000000704600000, 0x0000000704800000|  0%| F|  |TAMS 0x0000000704600000| PB 0x0000000704600000| Untracked 
|  27|0x0000000704800000, 0x0000000704800000, 0x0000000704a00000|  0%| F|  |TAMS 0x0000000704800000| PB 0x0000000704800000| Untracked 
|  28|0x0000000704a00000, 0x0000000704a00000, 0x0000000704c00000|  0%| F|  |TAMS 0x0000000704a00000| PB 0x0000000704a00000| Untracked 
|  29|0x0000000704c00000, 0x0000000704c00000, 0x0000000704e00000|  0%| F|  |TAMS 0x0000000704c00000| PB 0x0000000704c00000| Untracked 
|  30|0x0000000704e00000, 0x0000000704e00000, 0x0000000705000000|  0%| F|  |TAMS 0x0000000704e00000| PB 0x0000000704e00000| Untracked 
|  31|0x0000000705000000, 0x0000000705000000, 0x0000000705200000|  0%| F|  |TAMS 0x0000000705000000| PB 0x0000000705000000| Untracked 
|  32|0x0000000705200000, 0x0000000705200000, 0x0000000705400000|  0%| F|  |TAMS 0x0000000705200000| PB 0x0000000705200000| Untracked 
|  33|0x0000000705400000, 0x0000000705400000, 0x0000000705600000|  0%| F|  |TAMS 0x0000000705400000| PB 0x0000000705400000| Untracked 
|  34|0x0000000705600000, 0x0000000705600000, 0x0000000705800000|  0%| F|  |TAMS 0x0000000705600000| PB 0x0000000705600000| Untracked 
|  35|0x0000000705800000, 0x0000000705800000, 0x0000000705a00000|  0%| F|  |TAMS 0x0000000705800000| PB 0x0000000705800000| Untracked 
|  36|0x0000000705a00000, 0x0000000705a00000, 0x0000000705c00000|  0%| F|  |TAMS 0x0000000705a00000| PB 0x0000000705a00000| Untracked 
|  37|0x0000000705c00000, 0x0000000705c00000, 0x0000000705e00000|  0%| F|  |TAMS 0x0000000705c00000| PB 0x0000000705c00000| Untracked 
|  38|0x0000000705e00000, 0x0000000705e00000, 0x0000000706000000|  0%| F|  |TAMS 0x0000000705e00000| PB 0x0000000705e00000| Untracked 
|  39|0x0000000706000000, 0x0000000706000000, 0x0000000706200000|  0%| F|  |TAMS 0x0000000706000000| PB 0x0000000706000000| Untracked 
|  40|0x0000000706200000, 0x0000000706200000, 0x0000000706400000|  0%| F|  |TAMS 0x0000000706200000| PB 0x0000000706200000| Untracked 
|  41|0x0000000706400000, 0x0000000706400000, 0x0000000706600000|  0%| F|  |TAMS 0x0000000706400000| PB 0x0000000706400000| Untracked 
|  42|0x0000000706600000, 0x0000000706600000, 0x0000000706800000|  0%| F|  |TAMS 0x0000000706600000| PB 0x0000000706600000| Untracked 
|  43|0x0000000706800000, 0x0000000706800000, 0x0000000706a00000|  0%| F|  |TAMS 0x0000000706800000| PB 0x0000000706800000| Untracked 
|  44|0x0000000706a00000, 0x0000000706a00000, 0x0000000706c00000|  0%| F|  |TAMS 0x0000000706a00000| PB 0x0000000706a00000| Untracked 
|  45|0x0000000706c00000, 0x0000000706c00000, 0x0000000706e00000|  0%| F|  |TAMS 0x0000000706c00000| PB 0x0000000706c00000| Untracked 
|  46|0x0000000706e00000, 0x0000000706e00000, 0x0000000707000000|  0%| F|  |TAMS 0x0000000706e00000| PB 0x0000000706e00000| Untracked 
|  47|0x0000000707000000, 0x0000000707000000, 0x0000000707200000|  0%| F|  |TAMS 0x0000000707000000| PB 0x0000000707000000| Untracked 
|  48|0x0000000707200000, 0x0000000707200000, 0x0000000707400000|  0%| F|  |TAMS 0x0000000707200000| PB 0x0000000707200000| Untracked 
|  49|0x0000000707400000, 0x0000000707400000, 0x0000000707600000|  0%| F|  |TAMS 0x0000000707400000| PB 0x0000000707400000| Untracked 
|  50|0x0000000707600000, 0x0000000707600000, 0x0000000707800000|  0%| F|  |TAMS 0x0000000707600000| PB 0x0000000707600000| Untracked 
|  51|0x0000000707800000, 0x0000000707800000, 0x0000000707a00000|  0%| F|  |TAMS 0x0000000707800000| PB 0x0000000707800000| Untracked 
|  52|0x0000000707a00000, 0x0000000707a00000, 0x0000000707c00000|  0%| F|  |TAMS 0x0000000707a00000| PB 0x0000000707a00000| Untracked 
|  53|0x0000000707c00000, 0x0000000707c00000, 0x0000000707e00000|  0%| F|  |TAMS 0x0000000707c00000| PB 0x0000000707c00000| Untracked 
|  54|0x0000000707e00000, 0x0000000707e00000, 0x0000000708000000|  0%| F|  |TAMS 0x0000000707e00000| PB 0x0000000707e00000| Untracked 
|  55|0x0000000708000000, 0x0000000708000000, 0x0000000708200000|  0%| F|  |TAMS 0x0000000708000000| PB 0x0000000708000000| Untracked 
|  56|0x0000000708200000, 0x0000000708200000, 0x0000000708400000|  0%| F|  |TAMS 0x0000000708200000| PB 0x0000000708200000| Untracked 
|  57|0x0000000708400000, 0x0000000708400000, 0x0000000708600000|  0%| F|  |TAMS 0x0000000708400000| PB 0x0000000708400000| Untracked 
|  58|0x0000000708600000, 0x0000000708600000, 0x0000000708800000|  0%| F|  |TAMS 0x0000000708600000| PB 0x0000000708600000| Untracked 
|  59|0x0000000708800000, 0x0000000708800000, 0x0000000708a00000|  0%| F|  |TAMS 0x0000000708800000| PB 0x0000000708800000| Untracked 
|  60|0x0000000708a00000, 0x0000000708a00000, 0x0000000708c00000|  0%| F|  |TAMS 0x0000000708a00000| PB 0x0000000708a00000| Untracked 
|  61|0x0000000708c00000, 0x0000000708c00000, 0x0000000708e00000|  0%| F|  |TAMS 0x0000000708c00000| PB 0x0000000708c00000| Untracked 
|  62|0x0000000708e00000, 0x0000000708e00000, 0x0000000709000000|  0%| F|  |TAMS 0x0000000708e00000| PB 0x0000000708e00000| Untracked 
|  63|0x0000000709000000, 0x0000000709000000, 0x0000000709200000|  0%| F|  |TAMS 0x0000000709000000| PB 0x0000000709000000| Untracked 
|  64|0x0000000709200000, 0x0000000709200000, 0x0000000709400000|  0%| F|  |TAMS 0x0000000709200000| PB 0x0000000709200000| Untracked 
|  65|0x0000000709400000, 0x0000000709400000, 0x0000000709600000|  0%| F|  |TAMS 0x0000000709400000| PB 0x0000000709400000| Untracked 
|  66|0x0000000709600000, 0x0000000709600000, 0x0000000709800000|  0%| F|  |TAMS 0x0000000709600000| PB 0x0000000709600000| Untracked 
|  67|0x0000000709800000, 0x0000000709800000, 0x0000000709a00000|  0%| F|  |TAMS 0x0000000709800000| PB 0x0000000709800000| Untracked 
|  68|0x0000000709a00000, 0x0000000709a00000, 0x0000000709c00000|  0%| F|  |TAMS 0x0000000709a00000| PB 0x0000000709a00000| Untracked 
|  69|0x0000000709c00000, 0x0000000709c00000, 0x0000000709e00000|  0%| F|  |TAMS 0x0000000709c00000| PB 0x0000000709c00000| Untracked 
|  70|0x0000000709e00000, 0x0000000709e00000, 0x000000070a000000|  0%| F|  |TAMS 0x0000000709e00000| PB 0x0000000709e00000| Untracked 
|  71|0x000000070a000000, 0x000000070a000000, 0x000000070a200000|  0%| F|  |TAMS 0x000000070a000000| PB 0x000000070a000000| Untracked 
|  72|0x000000070a200000, 0x000000070a200000, 0x000000070a400000|  0%| F|  |TAMS 0x000000070a200000| PB 0x000000070a200000| Untracked 
|  73|0x000000070a400000, 0x000000070a400000, 0x000000070a600000|  0%| F|  |TAMS 0x000000070a400000| PB 0x000000070a400000| Untracked 
|  74|0x000000070a600000, 0x000000070a600000, 0x000000070a800000|  0%| F|  |TAMS 0x000000070a600000| PB 0x000000070a600000| Untracked 
|  75|0x000000070a800000, 0x000000070a800000, 0x000000070aa00000|  0%| F|  |TAMS 0x000000070a800000| PB 0x000000070a800000| Untracked 
|  76|0x000000070aa00000, 0x000000070aa00000, 0x000000070ac00000|  0%| F|  |TAMS 0x000000070aa00000| PB 0x000000070aa00000| Untracked 
|  77|0x000000070ac00000, 0x000000070ac00000, 0x000000070ae00000|  0%| F|  |TAMS 0x000000070ac00000| PB 0x000000070ac00000| Untracked 
|  78|0x000000070ae00000, 0x000000070ae00000, 0x000000070b000000|  0%| F|  |TAMS 0x000000070ae00000| PB 0x000000070ae00000| Untracked 
|  79|0x000000070b000000, 0x000000070b000000, 0x000000070b200000|  0%| F|  |TAMS 0x000000070b000000| PB 0x000000070b000000| Untracked 
|  80|0x000000070b200000, 0x000000070b200000, 0x000000070b400000|  0%| F|  |TAMS 0x000000070b200000| PB 0x000000070b200000| Untracked 
|  81|0x000000070b400000, 0x000000070b400000, 0x000000070b600000|  0%| F|  |TAMS 0x000000070b400000| PB 0x000000070b400000| Untracked 
|  82|0x000000070b600000, 0x000000070b600000, 0x000000070b800000|  0%| F|  |TAMS 0x000000070b600000| PB 0x000000070b600000| Untracked 
|  83|0x000000070b800000, 0x000000070b800000, 0x000000070ba00000|  0%| F|  |TAMS 0x000000070b800000| PB 0x000000070b800000| Untracked 
|  84|0x000000070ba00000, 0x000000070ba00000, 0x000000070bc00000|  0%| F|  |TAMS 0x000000070ba00000| PB 0x000000070ba00000| Untracked 
|  85|0x000000070bc00000, 0x000000070bc00000, 0x000000070be00000|  0%| F|  |TAMS 0x000000070bc00000| PB 0x000000070bc00000| Untracked 
|  86|0x000000070be00000, 0x000000070be00000, 0x000000070c000000|  0%| F|  |TAMS 0x000000070be00000| PB 0x000000070be00000| Untracked 
|  87|0x000000070c000000, 0x000000070c000000, 0x000000070c200000|  0%| F|  |TAMS 0x000000070c000000| PB 0x000000070c000000| Untracked 
|  88|0x000000070c200000, 0x000000070c200000, 0x000000070c400000|  0%| F|  |TAMS 0x000000070c200000| PB 0x000000070c200000| Untracked 
|  89|0x000000070c400000, 0x000000070c400000, 0x000000070c600000|  0%| F|  |TAMS 0x000000070c400000| PB 0x000000070c400000| Untracked 
|  90|0x000000070c600000, 0x000000070c600000, 0x000000070c800000|  0%| F|  |TAMS 0x000000070c600000| PB 0x000000070c600000| Untracked 
|  91|0x000000070c800000, 0x000000070c800000, 0x000000070ca00000|  0%| F|  |TAMS 0x000000070c800000| PB 0x000000070c800000| Untracked 
|  92|0x000000070ca00000, 0x000000070ca00000, 0x000000070cc00000|  0%| F|  |TAMS 0x000000070ca00000| PB 0x000000070ca00000| Untracked 
|  93|0x000000070cc00000, 0x000000070cc00000, 0x000000070ce00000|  0%| F|  |TAMS 0x000000070cc00000| PB 0x000000070cc00000| Untracked 
|  94|0x000000070ce00000, 0x000000070ce00000, 0x000000070d000000|  0%| F|  |TAMS 0x000000070ce00000| PB 0x000000070ce00000| Untracked 
|  95|0x000000070d000000, 0x000000070d000000, 0x000000070d200000|  0%| F|  |TAMS 0x000000070d000000| PB 0x000000070d000000| Untracked 
|  96|0x000000070d200000, 0x000000070d200000, 0x000000070d400000|  0%| F|  |TAMS 0x000000070d200000| PB 0x000000070d200000| Untracked 
|  97|0x000000070d400000, 0x000000070d400000, 0x000000070d600000|  0%| F|  |TAMS 0x000000070d400000| PB 0x000000070d400000| Untracked 
|  98|0x000000070d600000, 0x000000070d600000, 0x000000070d800000|  0%| F|  |TAMS 0x000000070d600000| PB 0x000000070d600000| Untracked 
|  99|0x000000070d800000, 0x000000070d800000, 0x000000070da00000|  0%| F|  |TAMS 0x000000070d800000| PB 0x000000070d800000| Untracked 
| 100|0x000000070da00000, 0x000000070da00000, 0x000000070dc00000|  0%| F|  |TAMS 0x000000070da00000| PB 0x000000070da00000| Untracked 
| 101|0x000000070dc00000, 0x000000070dc00000, 0x000000070de00000|  0%| F|  |TAMS 0x000000070dc00000| PB 0x000000070dc00000| Untracked 
| 102|0x000000070de00000, 0x000000070de00000, 0x000000070e000000|  0%| F|  |TAMS 0x000000070de00000| PB 0x000000070de00000| Untracked 
| 103|0x000000070e000000, 0x000000070e000000, 0x000000070e200000|  0%| F|  |TAMS 0x000000070e000000| PB 0x000000070e000000| Untracked 
| 104|0x000000070e200000, 0x000000070e200000, 0x000000070e400000|  0%| F|  |TAMS 0x000000070e200000| PB 0x000000070e200000| Untracked 
| 105|0x000000070e400000, 0x000000070e400000, 0x000000070e600000|  0%| F|  |TAMS 0x000000070e400000| PB 0x000000070e400000| Untracked 
| 106|0x000000070e600000, 0x000000070e600000, 0x000000070e800000|  0%| F|  |TAMS 0x000000070e600000| PB 0x000000070e600000| Untracked 
| 107|0x000000070e800000, 0x000000070e800000, 0x000000070ea00000|  0%| F|  |TAMS 0x000000070e800000| PB 0x000000070e800000| Untracked 
| 108|0x000000070ea00000, 0x000000070ea00000, 0x000000070ec00000|  0%| F|  |TAMS 0x000000070ea00000| PB 0x000000070ea00000| Untracked 
| 109|0x000000070ec00000, 0x000000070ec00000, 0x000000070ee00000|  0%| F|  |TAMS 0x000000070ec00000| PB 0x000000070ec00000| Untracked 
| 110|0x000000070ee00000, 0x000000070ee00000, 0x000000070f000000|  0%| F|  |TAMS 0x000000070ee00000| PB 0x000000070ee00000| Untracked 
| 111|0x000000070f000000, 0x000000070f000000, 0x000000070f200000|  0%| F|  |TAMS 0x000000070f000000| PB 0x000000070f000000| Untracked 
| 112|0x000000070f200000, 0x000000070f200000, 0x000000070f400000|  0%| F|  |TAMS 0x000000070f200000| PB 0x000000070f200000| Untracked 
| 113|0x000000070f400000, 0x000000070f400000, 0x000000070f600000|  0%| F|  |TAMS 0x000000070f400000| PB 0x000000070f400000| Untracked 
| 114|0x000000070f600000, 0x000000070f600000, 0x000000070f800000|  0%| F|  |TAMS 0x000000070f600000| PB 0x000000070f600000| Untracked 
| 115|0x000000070f800000, 0x000000070f800000, 0x000000070fa00000|  0%| F|  |TAMS 0x000000070f800000| PB 0x000000070f800000| Untracked 
| 116|0x000000070fa00000, 0x000000070fa00000, 0x000000070fc00000|  0%| F|  |TAMS 0x000000070fa00000| PB 0x000000070fa00000| Untracked 
| 117|0x000000070fc00000, 0x000000070fc00000, 0x000000070fe00000|  0%| F|  |TAMS 0x000000070fc00000| PB 0x000000070fc00000| Untracked 
| 118|0x000000070fe00000, 0x000000070fe00000, 0x0000000710000000|  0%| F|  |TAMS 0x000000070fe00000| PB 0x000000070fe00000| Untracked 
| 119|0x0000000710000000, 0x0000000710000000, 0x0000000710200000|  0%| F|  |TAMS 0x0000000710000000| PB 0x0000000710000000| Untracked 
| 120|0x0000000710200000, 0x0000000710200000, 0x0000000710400000|  0%| F|  |TAMS 0x0000000710200000| PB 0x0000000710200000| Untracked 
| 121|0x0000000710400000, 0x0000000710471ac0, 0x0000000710600000| 22%| E|  |TAMS 0x0000000710400000| PB 0x0000000710400000| Complete 
| 122|0x0000000710600000, 0x0000000710800000, 0x0000000710800000|100%| E|CS|TAMS 0x0000000710600000| PB 0x0000000710600000| Complete 
| 123|0x0000000710800000, 0x0000000710a00000, 0x0000000710a00000|100%| E|CS|TAMS 0x0000000710800000| PB 0x0000000710800000| Complete 
| 124|0x0000000710a00000, 0x0000000710c00000, 0x0000000710c00000|100%| E|CS|TAMS 0x0000000710a00000| PB 0x0000000710a00000| Complete 
| 125|0x0000000710c00000, 0x0000000710e00000, 0x0000000710e00000|100%| E|  |TAMS 0x0000000710c00000| PB 0x0000000710c00000| Complete 
| 126|0x0000000710e00000, 0x0000000711000000, 0x0000000711000000|100%| E|CS|TAMS 0x0000000710e00000| PB 0x0000000710e00000| Complete 
| 127|0x0000000711000000, 0x0000000711200000, 0x0000000711200000|100%| E|CS|TAMS 0x0000000711000000| PB 0x0000000711000000| Complete 

Card table byte_map: [0x000001b5780f0000,0x000001b5788f0000] _byte_map_base: 0x000001b5748e7000

Marking Bits: (CMBitMap*) 0x000001b56ec807a0
 Bits: [0x000001b5788f0000, 0x000001b57c8a8000)

Polling page: 0x000001b56cb70000

Metaspace:

Usage:
  Non-class:      1.56 MB used.
      Class:    138.05 KB used.
       Both:      1.70 MB used.

Virtual space:
  Non-class space:       64.00 MB reserved,       1.62 MB (  3%) committed,  1 nodes.
      Class space:        1.00 GB reserved,     256.00 KB ( <1%) committed,  1 nodes.
             Both:        1.06 GB reserved,       1.88 MB ( <1%) committed. 

Chunk freelists:
   Non-Class:  11.42 MB
       Class:  15.67 MB
        Both:  27.09 MB

MaxMetaspaceSize: unlimited
CompressedClassSpaceSize: 1.00 GB
Initial GC threshold: 21.00 MB
Current GC threshold: 21.00 MB
CDS: on
 - commit_granule_bytes: 65536.
 - commit_granule_words: 8192.
 - virtual_space_node_default_size: 8388608.
 - enlarge_chunks_in_place: 1.
 - use_allocation_guard: 0.


Internal statistics:

num_allocs_failed_limit: 0.
num_arena_births: 24.
num_arena_deaths: 0.
num_vsnodes_births: 2.
num_vsnodes_deaths: 0.
num_space_committed: 30.
num_space_uncommitted: 0.
num_chunks_returned_to_freelist: 0.
num_chunks_taken_from_freelist: 55.
num_chunk_merges: 0.
num_chunk_splits: 39.
num_chunks_enlarged: 29.
num_inconsistent_stats: 0.

CodeHeap 'non-profiled nmethods': size=119168Kb used=167Kb max_used=167Kb free=119000Kb
 bounds [0x000001b507ba0000, 0x000001b507e10000, 0x000001b50f000000]
CodeHeap 'profiled nmethods': size=119104Kb used=755Kb max_used=755Kb free=118348Kb
 bounds [0x000001b500000000, 0x000001b500270000, 0x000001b507450000]
CodeHeap 'non-nmethods': size=7488Kb used=2433Kb max_used=2458Kb free=5054Kb
 bounds [0x000001b507450000, 0x000001b5076c0000, 0x000001b507ba0000]
 total_blobs=951 nmethods=528 adapters=326
 compilation: enabled
              stopped_count=0, restarted_count=0
 full_count=0

Compilation events (20 events):
Event: 0.158 Thread 0x000001b57f9d95e0 nmethod 516 0x000001b5000b8710 code [0x000001b5000b88c0, 0x000001b5000b8a78]
Event: 0.158 Thread 0x000001b57fae9b50 nmethod 517 0x000001b5000b8b10 code [0x000001b5000b8ce0, 0x000001b5000b8ef8]
Event: 0.158 Thread 0x000001b57f9d95e0  519       1       java.lang.NamedPackage::module (5 bytes)
Event: 0.158 Thread 0x000001b57fae9b50  520       3       java.util.zip.ZipUtils::LOCSIG (6 bytes)
Event: 0.158 Thread 0x000001b57f9d95e0 nmethod 519 0x000001b507bc9110 code [0x000001b507bc92a0, 0x000001b507bc9370]
Event: 0.158 Thread 0x000001b57fae9b50 nmethod 520 0x000001b5000b9010 code [0x000001b5000b91c0, 0x000001b5000b9480]
Event: 0.159 Thread 0x000001b57f9b8980  521       4       java.util.concurrent.ConcurrentHashMap::tabAt (22 bytes)
Event: 0.159 Thread 0x000001b57f9b8980 nmethod 521 0x000001b507bc9410 code [0x000001b507bc9580, 0x000001b507bc95f8]
Event: 0.159 Thread 0x000001b57fae8a80  522       3       java.util.ArrayDeque::add (7 bytes)
Event: 0.159 Thread 0x000001b57fae8a80 nmethod 522 0x000001b5000b9610 code [0x000001b5000b97c0, 0x000001b5000b9918]
Event: 0.160 Thread 0x000001b57fae9b50  523   !   3       jdk.internal.loader.BuiltinClassLoader::loadClassOrNull (143 bytes)
Event: 0.160 Thread 0x000001b57fae8a80  524       3       java.lang.ClassLoader::getClassLoadingLock (35 bytes)
Event: 0.160 Thread 0x000001b57f9d95e0  525       3       java.lang.ClassLoader::findLoadedClass (15 bytes)
Event: 0.160 Thread 0x000001b57f9d95e0 nmethod 525 0x000001b5000b9a10 code [0x000001b5000b9be0, 0x000001b5000b9dd0]
Event: 0.160 Thread 0x000001b57f9d95e0  527       3       jdk.internal.loader.BuiltinClassLoader::findLoadedModule (33 bytes)
Event: 0.160 Thread 0x000001b57fae8a80 nmethod 524 0x000001b5000b9e90 code [0x000001b5000ba060, 0x000001b5000ba368]
Event: 0.160 Thread 0x000001b57fae8a80  528       3       jdk.internal.loader.BuiltinClassLoader::loadClassOrNull (7 bytes)
Event: 0.160 Thread 0x000001b57fae8a80 nmethod 528 0x000001b5000ba510 code [0x000001b5000ba6c0, 0x000001b5000ba898]
Event: 0.160 Thread 0x000001b57f9d95e0 nmethod 527 0x000001b5000ba910 code [0x000001b5000bab40, 0x000001b5000bb198]
Event: 0.160 Thread 0x000001b57fae9b50 nmethod 523 0x000001b5000bb410 code [0x000001b5000bb6e0, 0x000001b5000bc668]

GC Heap History (0 events):
No events

Dll operation events (9 events):
Event: 0.004 Loaded shared library C:\Users\acost\.jdks\openjdk-21.0.2\bin\java.dll
Event: 0.025 Loaded shared library C:\Users\acost\.jdks\openjdk-21.0.2\bin\jsvml.dll
Event: 0.076 Loaded shared library C:\Users\acost\.jdks\openjdk-21.0.2\bin\zip.dll
Event: 0.078 Loaded shared library C:\Users\acost\.jdks\openjdk-21.0.2\bin\instrument.dll
Event: 0.081 Loaded shared library C:\Users\acost\.jdks\openjdk-21.0.2\bin\net.dll
Event: 0.082 Loaded shared library C:\Users\acost\.jdks\openjdk-21.0.2\bin\nio.dll
Event: 0.084 Loaded shared library C:\Users\acost\.jdks\openjdk-21.0.2\bin\zip.dll
Event: 0.132 Loaded shared library C:\Users\acost\.jdks\openjdk-21.0.2\bin\extnet.dll
Event: 0.149 Loaded shared library C:\Users\acost\.jdks\openjdk-21.0.2\bin\jimage.dll

Deoptimization events (20 events):
Event: 0.122 Thread 0x000001b56c9acb90 Uncommon trap: trap_request=0xffffff45 fr.pc=0x000001b507bb50bc relative=0x000000000000017c
Event: 0.122 Thread 0x000001b56c9acb90 Uncommon trap: reason=unstable_if action=reinterpret pc=0x000001b507bb50bc method=java.util.zip.ZipFile$Source.isMetaName([BII)Z @ 57 c2
Event: 0.122 Thread 0x000001b56c9acb90 DEOPT PACKING pc=0x000001b507bb50bc sp=0x00000052aa4fe2d0
Event: 0.122 Thread 0x000001b56c9acb90 DEOPT UNPACKING pc=0x000001b5074a46a2 sp=0x00000052aa4fe278 mode 2
Event: 0.127 Thread 0x000001b56c9acb90 Uncommon trap: trap_request=0xffffff45 fr.pc=0x000001b507ba168c relative=0x000000000000006c
Event: 0.127 Thread 0x000001b56c9acb90 Uncommon trap: reason=unstable_if action=reinterpret pc=0x000001b507ba168c method=java.lang.String.isLatin1()Z @ 10 c2
Event: 0.127 Thread 0x000001b56c9acb90 DEOPT PACKING pc=0x000001b507ba168c sp=0x00000052aa4fe4f0
Event: 0.127 Thread 0x000001b56c9acb90 DEOPT UNPACKING pc=0x000001b5074a46a2 sp=0x00000052aa4fe480 mode 2
Event: 0.127 Thread 0x000001b56c9acb90 Uncommon trap: trap_request=0xffffff45 fr.pc=0x000001b507ba19e4 relative=0x00000000000000c4
Event: 0.127 Thread 0x000001b56c9acb90 Uncommon trap: reason=unstable_if action=reinterpret pc=0x000001b507ba19e4 method=java.lang.String.isLatin1()Z @ 10 c2
Event: 0.127 Thread 0x000001b56c9acb90 DEOPT PACKING pc=0x000001b507ba19e4 sp=0x00000052aa4ff010
Event: 0.127 Thread 0x000001b56c9acb90 DEOPT UNPACKING pc=0x000001b5074a46a2 sp=0x00000052aa4fef50 mode 2
Event: 0.151 Thread 0x000001b56c9acb90 Uncommon trap: trap_request=0xffffff45 fr.pc=0x000001b507bb8b10 relative=0x0000000000000070
Event: 0.151 Thread 0x000001b56c9acb90 Uncommon trap: reason=unstable_if action=reinterpret pc=0x000001b507bb8b10 method=java.io.WinNTFileSystem.isSlash(C)Z @ 9 c2
Event: 0.151 Thread 0x000001b56c9acb90 DEOPT PACKING pc=0x000001b507bb8b10 sp=0x00000052aa4fdd10
Event: 0.151 Thread 0x000001b56c9acb90 DEOPT UNPACKING pc=0x000001b5074a46a2 sp=0x00000052aa4fdc98 mode 2
Event: 0.152 Thread 0x000001b56c9acb90 DEOPT PACKING pc=0x000001b500040bbc sp=0x00000052aa4fd090
Event: 0.152 Thread 0x000001b56c9acb90 DEOPT UNPACKING pc=0x000001b5074a4e42 sp=0x00000052aa4fc520 mode 0
Event: 0.152 Thread 0x000001b56c9acb90 DEOPT PACKING pc=0x000001b500040bbc sp=0x00000052aa4f9850
Event: 0.152 Thread 0x000001b56c9acb90 DEOPT UNPACKING pc=0x000001b5074a4e42 sp=0x00000052aa4f8ce0 mode 0

Classes loaded (20 events):
Event: 0.151 Loading class sun/net/www/protocol/jar/URLJarFile$URLJarFileCloseController done
Event: 0.151 Loading class sun/net/www/protocol/jar/JarFileFactory done
Event: 0.151 Loading class sun/net/www/protocol/file/FileURLConnection
Event: 0.151 Loading class sun/net/www/URLConnection
Event: 0.151 Loading class sun/net/www/URLConnection done
Event: 0.151 Loading class sun/net/www/protocol/file/FileURLConnection done
Event: 0.151 Loading class sun/net/www/MessageHeader
Event: 0.151 Loading class sun/net/www/MessageHeader done
Event: 0.151 Loading class sun/net/www/protocol/jar/URLJarFile
Event: 0.151 Loading class sun/net/www/protocol/jar/URLJarFile done
Event: 0.151 Loading class sun/net/www/protocol/jar/URLJarFile$URLJarFileEntry
Event: 0.151 Loading class sun/net/www/protocol/jar/URLJarFile$URLJarFileEntry done
Event: 0.151 Loading class sun/net/www/protocol/jar/JarURLConnection$JarURLInputStream
Event: 0.151 Loading class sun/net/www/protocol/jar/JarURLConnection$JarURLInputStream done
Event: 0.152 Loading class java/util/LinkedHashMap$LinkedKeySet
Event: 0.152 Loading class java/util/LinkedHashMap$LinkedKeySet done
Event: 0.152 Loading class java/util/LinkedHashMap$LinkedKeyIterator
Event: 0.152 Loading class java/util/LinkedHashMap$LinkedKeyIterator done
Event: 0.155 Loading class java/lang/IndexOutOfBoundsException
Event: 0.155 Loading class java/lang/IndexOutOfBoundsException done

Classes unloaded (0 events):
No events

Classes redefined (0 events):
No events

Internal exceptions (3 events):
Event: 0.123 Thread 0x000001b56c9acb90 Exception <a 'java/lang/NoSuchMethodError'{0x0000000710967af8}: 'void java.lang.invoke.DirectMethodHandle$Holder.invokeStatic(java.lang.Object, java.lang.Object, java.lang.Object)'> (0x0000000710967af8) 
thrown [s\open\src\hotspot\share\interpreter\linkResolver.cpp, line 773]
Event: 0.126 Thread 0x000001b56c9acb90 Exception <a 'java/lang/NoSuchMethodError'{0x000000071097f000}: 'java.lang.Object java.lang.invoke.Invokers$Holder.invokeExact_MT(java.lang.Object, java.lang.Object, java.lang.Object, java.lang.Object, java.lang.Object)'> (0x000000071097f000) 
thrown [s\open\src\hotspot\share\interpreter\linkResolver.cpp, line 773]
Event: 0.133 Thread 0x000001b57fd7d270 Exception <a 'java/lang/NoSuchMethodError'{0x00000007109b6e78}: 'void java.lang.invoke.DirectMethodHandle$Holder.invokeStatic(java.lang.Object, java.lang.Object)'> (0x00000007109b6e78) 
thrown [s\open\src\hotspot\share\interpreter\linkResolver.cpp, line 773]

ZGC Phase Switch (0 events):
No events

VM Operations (10 events):
Event: 0.070 Executing VM operation: HandshakeAllThreads (Deoptimize)
Event: 0.070 Executing VM operation: HandshakeAllThreads (Deoptimize) done
Event: 0.129 Executing VM operation: HandshakeAllThreads (Deoptimize)
Event: 0.129 Executing VM operation: HandshakeAllThreads (Deoptimize) done
Event: 0.135 Executing VM operation: HandshakeAllThreads (Deoptimize)
Event: 0.135 Executing VM operation: HandshakeAllThreads (Deoptimize) done
Event: 0.147 Executing VM operation: HandshakeAllThreads (Deoptimize)
Event: 0.147 Executing VM operation: HandshakeAllThreads (Deoptimize) done
Event: 0.151 Executing VM operation: HandshakeAllThreads (Deoptimize)
Event: 0.151 Executing VM operation: HandshakeAllThreads (Deoptimize) done

Events (15 events):
Event: 0.015 Thread 0x000001b56c9acb90 Thread added: 0x000001b56c9acb90
Event: 0.024 Thread 0x000001b57edc4e80 Thread added: 0x000001b57edc4e80
Event: 0.024 Thread 0x000001b57edc5c90 Thread added: 0x000001b57edc5c90
Event: 0.024 Thread 0x000001b57edc98c0 Thread added: 0x000001b57edc98c0
Event: 0.024 Thread 0x000001b57edca5a0 Thread added: 0x000001b57edca5a0
Event: 0.024 Thread 0x000001b57edcb360 Thread added: 0x000001b57edcb360
Event: 0.024 Thread 0x000001b57edcbdc0 Thread added: 0x000001b57edcbdc0
Event: 0.024 Thread 0x000001b57f9b8980 Thread added: 0x000001b57f9b8980
Event: 0.025 Thread 0x000001b57f9d95e0 Thread added: 0x000001b57f9d95e0
Event: 0.066 Thread 0x000001b57fae2520 Thread added: 0x000001b57fae2520
Event: 0.070 Thread 0x000001b57fae8a80 Thread added: 0x000001b57fae8a80
Event: 0.070 Thread 0x000001b57fae9b50 Thread added: 0x000001b57fae9b50
Event: 0.094 Thread 0x000001b57fc68250 Thread added: 0x000001b57fc68250
Event: 0.127 Thread 0x000001b57fd7d270 Thread added: 0x000001b57fd7d270
Event: 0.127 Thread 0x000001b57fd9a2f0 Thread added: 0x000001b57fd9a2f0


Dynamic libraries:
0x00007ff6639f0000 - 0x00007ff6639fe000 	C:\Users\acost\.jdks\openjdk-21.0.2\bin\java.exe
0x00007ffc09db0000 - 0x00007ffc09fa8000 	C:\Windows\SYSTEM32\ntdll.dll
0x00007ffc07dd0000 - 0x00007ffc07e92000 	C:\Windows\System32\KERNEL32.DLL
0x00007ffc077a0000 - 0x00007ffc07a96000 	C:\Windows\System32\KERNELBASE.dll
0x00007ffc07bb0000 - 0x00007ffc07cb0000 	C:\Windows\System32\ucrtbase.dll
0x00007ffbebb20000 - 0x00007ffbebb38000 	C:\Users\acost\.jdks\openjdk-21.0.2\bin\jli.dll
0x00007ffbee980000 - 0x00007ffbee99b000 	C:\Users\acost\.jdks\openjdk-21.0.2\bin\VCRUNTIME140.dll
0x00007ffc08dd0000 - 0x00007ffc08f6d000 	C:\Windows\System32\USER32.dll
0x00007ffc07520000 - 0x00007ffc07542000 	C:\Windows\System32\win32u.dll
0x00007ffbf3bf0000 - 0x00007ffbf3e8a000 	C:\Windows\WinSxS\amd64_microsoft.windows.common-controls_6595b64144ccf1df_6.0.19041.4355_none_60b8b9eb71f62e16\COMCTL32.dll
0x00007ffc09310000 - 0x00007ffc0933b000 	C:\Windows\System32\GDI32.dll
0x00007ffc09130000 - 0x00007ffc091ce000 	C:\Windows\System32\msvcrt.dll
0x00007ffc07cb0000 - 0x00007ffc07dca000 	C:\Windows\System32\gdi32full.dll
0x00007ffc075a0000 - 0x00007ffc0763d000 	C:\Windows\System32\msvcp_win.dll
0x00007ffc08560000 - 0x00007ffc0858f000 	C:\Windows\System32\IMM32.DLL
0x00007ffc02aa0000 - 0x00007ffc02aac000 	C:\Users\acost\.jdks\openjdk-21.0.2\bin\vcruntime140_1.dll
0x00007ffbe2e70000 - 0x00007ffbe2efe000 	C:\Users\acost\.jdks\openjdk-21.0.2\bin\msvcp140.dll
0x00007ffb09800000 - 0x00007ffb0a517000 	C:\Users\acost\.jdks\openjdk-21.0.2\bin\server\jvm.dll
0x00007ffc098b0000 - 0x00007ffc0995f000 	C:\Windows\System32\ADVAPI32.dll
0x00007ffc09430000 - 0x00007ffc094cf000 	C:\Windows\System32\sechost.dll
0x00007ffc09780000 - 0x00007ffc098a3000 	C:\Windows\System32\RPCRT4.dll
0x00007ffc074f0000 - 0x00007ffc07517000 	C:\Windows\System32\bcrypt.dll
0x00007ffc084f0000 - 0x00007ffc0855b000 	C:\Windows\System32\WS2_32.dll
0x00007ffc071f0000 - 0x00007ffc0723b000 	C:\Windows\SYSTEM32\POWRPROF.dll
0x00007ffbfedc0000 - 0x00007ffbfedca000 	C:\Windows\SYSTEM32\VERSION.dll
0x00007ffbf7ed0000 - 0x00007ffbf7ef7000 	C:\Windows\SYSTEM32\WINMM.dll
0x00007ffc071d0000 - 0x00007ffc071e2000 	C:\Windows\SYSTEM32\UMPDC.dll
0x00007ffc052e0000 - 0x00007ffc052f2000 	C:\Windows\SYSTEM32\kernel.appcore.dll
0x00007ffbfd170000 - 0x00007ffbfd17a000 	C:\Users\acost\.jdks\openjdk-21.0.2\bin\jimage.dll
0x00007ffc00520000 - 0x00007ffc00704000 	C:\Windows\SYSTEM32\DBGHELP.DLL
0x00007ffbf2cb0000 - 0x00007ffbf2ce4000 	C:\Windows\SYSTEM32\dbgcore.DLL
0x00007ffc07b20000 - 0x00007ffc07ba2000 	C:\Windows\System32\bcryptPrimitives.dll
0x00007ffbf7e40000 - 0x00007ffbf7e4f000 	C:\Users\acost\.jdks\openjdk-21.0.2\bin\instrument.dll
0x00007ffbeb600000 - 0x00007ffbeb61f000 	C:\Users\acost\.jdks\openjdk-21.0.2\bin\java.dll
0x00007ffc08660000 - 0x00007ffc08dcf000 	C:\Windows\System32\SHELL32.dll
0x00007ffc054e0000 - 0x00007ffc05c83000 	C:\Windows\SYSTEM32\windows.storage.dll
0x00007ffc09960000 - 0x00007ffc09cb5000 	C:\Windows\System32\combase.dll
0x00007ffc06da0000 - 0x00007ffc06dcb000 	C:\Windows\SYSTEM32\Wldp.dll
0x00007ffc08590000 - 0x00007ffc0865d000 	C:\Windows\System32\OLEAUT32.dll
0x00007ffc07ea0000 - 0x00007ffc07f4d000 	C:\Windows\System32\SHCORE.dll
0x00007ffc09360000 - 0x00007ffc093b5000 	C:\Windows\System32\shlwapi.dll
0x00007ffc07370000 - 0x00007ffc07395000 	C:\Windows\SYSTEM32\profapi.dll
0x00007ffbe2430000 - 0x00007ffbe2507000 	C:\Users\acost\.jdks\openjdk-21.0.2\bin\jsvml.dll
0x00007ffbe8430000 - 0x00007ffbe8448000 	C:\Users\acost\.jdks\openjdk-21.0.2\bin\zip.dll
0x00007ffbf6db0000 - 0x00007ffbf6dc0000 	C:\Users\acost\.jdks\openjdk-21.0.2\bin\net.dll
0x00007ffc000e0000 - 0x00007ffc001ea000 	C:\Windows\SYSTEM32\WINHTTP.dll
0x00007ffc06b00000 - 0x00007ffc06b6c000 	C:\Windows\system32\mswsock.dll
0x00007ffbea790000 - 0x00007ffbea7a6000 	C:\Users\acost\.jdks\openjdk-21.0.2\bin\nio.dll
0x00007ffbf6870000 - 0x00007ffbf6879000 	C:\Users\acost\.jdks\openjdk-21.0.2\bin\extnet.dll

dbghelp: loaded successfully - version: 4.0.5 - missing functions: none
symbol engine: initialized successfully - sym options: 0x614 - pdb path: .;C:\Users\acost\.jdks\openjdk-21.0.2\bin;C:\Windows\SYSTEM32;C:\Windows\WinSxS\amd64_microsoft.windows.common-controls_6595b64144ccf1df_6.0.19041.4355_none_60b8b9eb71f62e16;C:\Users\acost\.jdks\openjdk-21.0.2\bin\server

VM Arguments:
jvm_args: -javaagent:C:\Program Files\JetBrains\IntelliJ IDEA Community Edition 2023.3.4\lib\idea_rt.jar=57640 -Dfile.encoding=UTF-8 -Dsun.stdout.encoding=UTF-8 -Dsun.stderr.encoding=UTF-8 
java_command: org.cnasm.Sisem.SisemApplication
java_class_path (initial): C:\Users\acost\IdeaProjects\Sisem\target\classes;C:\Users\acost\.m2\repository\org\springframework\boot\spring-boot-starter-data-jpa\3.4.4\spring-boot-starter-data-jpa-3.4.4.jar;C:\Users\acost\.m2\repository\org\springframework\boot\spring-boot-starter\3.4.4\spring-boot-starter-3.4.4.jar;C:\Users\acost\.m2\repository\org\springframework\boot\spring-boot\3.4.4\spring-boot-3.4.4.jar;C:\Users\acost\.m2\repository\org\springframework\boot\spring-boot-autoconfigure\3.4.4\spring-boot-autoconfigure-3.4.4.jar;C:\Users\acost\.m2\repository\org\springframework\boot\spring-boot-starter-logging\3.4.4\spring-boot-starter-logging-3.4.4.jar;C:\Users\acost\.m2\repository\ch\qos\logback\logback-classic\1.5.18\logback-classic-1.5.18.jar;C:\Users\acost\.m2\repository\ch\qos\logback\logback-core\1.5.18\logback-core-1.5.18.jar;C:\Users\acost\.m2\repository\org\apache\logging\log4j\log4j-to-slf4j\2.24.3\log4j-to-slf4j-2.24.3.jar;C:\Users\acost\.m2\repository\org\apache\logging\log4j\log4j-api\2.24.3\log4j-api-2.24.3.jar;C:\Users\acost\.m2\repository\org\slf4j\jul-to-slf4j\2.0.17\jul-to-slf4j-2.0.17.jar;C:\Users\acost\.m2\repository\jakarta\annotation\jakarta.annotation-api\2.1.1\jakarta.annotation-api-2.1.1.jar;C:\Users\acost\.m2\repository\org\yaml\snakeyaml\2.3\snakeyaml-2.3.jar;C:\Users\acost\.m2\repository\org\springframework\boot\spring-boot-starter-jdbc\3.4.4\spring-boot-starter-jdbc-3.4.4.jar;C:\Users\acost\.m2\repository\com\zaxxer\HikariCP\5.1.0\HikariCP-5.1.0.jar;C:\Users\acost\.m2\repository\org\springframework\spring-jdbc\6.2.5\spring-jdbc-6.2.5.jar;C:\Users\acost\.m2\repository\org\hibernate\orm\hibernate-core\6.6.11.Final\hibernate-core-6.6.11.Final.jar;C:\Users\acost\.m2\repository\jakarta\persistence\jakarta.persistence-api\3.1.0\jakarta.persistence-api-3.1.0.jar;C:\Users\acost\.m2\repository\jakarta\transaction\jakarta.transaction-api\2.0.1\jakarta.transaction-api-2.0.1.jar;C:\Users\acost\.m2\repository\org\jboss\logging\jboss-logging\3.6.1.Final\jboss-logging-3.6.1.Final.jar;C:\Users\acost\.m2\repository\org\hibernate\common\hibernate-commons-annotations\7.0.3.Final\hibernate-commons-annotations-7.0.3.Final.jar;C:\Users\acost\.m2\repository\io\smallrye\jandex\3.2.0\jandex-3.2.0.jar;C:\Users\acost\.m2\repository\com\fasterxml\classmate\1.7.0\classmate-1.7.0.jar;C:\Users\acost\.m2\repository\net\bytebuddy\byte-buddy\1.15.11\byte-buddy-1.15.11.jar;C:\Users\acost\.m2\repository\org\glassfish\jaxb\jaxb-runtime\4.0.5\jaxb-runtime-4.0.5.jar;C:\Users\acost\.m2\repository\org\glassfish\jaxb\jaxb-core\4.0.5\jaxb-core-4.0.5.jar;C:\Users\acost\.m2\repository\org\eclipse\angus\angus-activation\2.0.2\angus-activation-2.0.2.jar;C:\Users\acost\.m2\repository\org\glassfish\jaxb\txw2\4.0.5\txw2-4.0.5.jar;C:\Users\acost\.m2\repository\com\sun\istack\istack-commons-runtime\4.1.2\istack-commons-runtime-4.1.2.jar;C:\Users\acost\.m2\repository\jakarta\inject\jakarta.inject-api\2.0.1\jakarta.inject-api-2.0.1.jar;C:\Users\acost\.m2\repository\org\antlr\antlr4-runtime\4.13.0\antlr4-runtime-4.13.0.jar;C:\Users\acost\.m2\repository\org\springframework\data\spring-data-jpa\3.4.4\spring-data-jpa-3.4.4.jar;C:\Users\acost\.m2\repository\org\springframework\data\spring-data-commons\3.4.4\spring-data-commons-3.4.4.jar;C:\Users\acost\.m2\repository\org\springframework\spring-orm\6.2.5\spring-orm-6.2.5.jar;C:\Users\acost\.m2\repository\org\springframework\spring-context\6.2.5\spring-context-6.2.5.jar;C:\Users\acost\.m2\repository\org\springframework\spring-tx\6.2.5\spring-tx-6.2.5.jar;C:\Users\acost\.m2\repository\org\springframework\spring-beans\6.2.5\spring-beans-6.2.5.jar;C:\Users\acost\.m2\repository\org\slf4j\slf4j-api\2.0.17\slf4j-api-2.0.17.jar;C:\Users\acost\.m2\repository\org\springframework\spring-aspects\6.2.5\spring-aspects-6.2.5.jar;C:\Users\acost\.m2\repository\org\aspectj\aspectjweaver\1.9.23\aspectjweaver-1.9.23.jar;C:\Users\acost\.m2\repository\org\springframework\boot\spring-boot-starter-security\3.4.4\spring-boot-starter-security-3.4.4.jar;C:\Users\acost\.m2\repository\org\springframework\spring-aop\6.2.5\spring-aop-6.2.5.jar;C:\Users\acost\.m2\repository\org\springframework\security\spring-security-config\6.4.4\spring-security-config-6.4.4.jar;C:\Users\acost\.m2\repository\org\springframework\security\spring-security-web\6.4.4\spring-security-web-6.4.4.jar;C:\Users\acost\.m2\repository\org\springframework\spring-expression\6.2.5\spring-expression-6.2.5.jar;C:\Users\acost\.m2\repository\org\springframework\boot\spring-boot-starter-validation\3.4.4\spring-boot-starter-validation-3.4.4.jar;C:\Users\acost\.m2\repository\org\apache\tomcat\embed\tomcat-embed-el\10.1.39\tomcat-embed-el-10.1.39.jar;C:\Users\acost\.m2\repository\org\hibernate\validator\hibernate-validator\8.0.2.Final\hibernate-validator-8.0.2.Final.jar;C:\Users\acost\.m2\repository\jakarta\validation\jakarta.validation-api\3.0.2\jakarta.validation-api-3.0.2.jar;C:\Users\acost\.m2\repository\org\springframework\boot\spring-boot-starter-web\3.4.4\spring-boot-starter-web-3.4.4.jar;C:\Users\acost\.m2\repository\org\springframework\boot\spring-boot-starter-json\3.4.4\spring-boot-starter-json-3.4.4.jar;C:\Users\acost\.m2\repository\com\fasterxml\jackson\datatype\jackson-datatype-jdk8\2.18.3\jackson-datatype-jdk8-2.18.3.jar;C:\Users\acost\.m2\repository\com\fasterxml\jackson\datatype\jackson-datatype-jsr310\2.18.3\jackson-datatype-jsr310-2.18.3.jar;C:\Users\acost\.m2\repository\com\fasterxml\jackson\module\jackson-module-parameter-names\2.18.3\jackson-module-parameter-names-2.18.3.jar;C:\Users\acost\.m2\repository\org\springframework\boot\spring-boot-starter-tomcat\3.4.4\spring-boot-starter-tomcat-3.4.4.jar;C:\Users\acost\.m2\repository\org\apache\tomcat\embed\tomcat-embed-core\10.1.39\tomcat-embed-core-10.1.39.jar;C:\Users\acost\.m2\repository\org\apache\tomcat\embed\tomcat-embed-websocket\10.1.39\tomcat-embed-websocket-10.1.39.jar;C:\Users\acost\.m2\repository\org\springframework\spring-web\6.2.5\spring-web-6.2.5.jar;C:\Users\acost\.m2\repository\io\micrometer\micrometer-observation\1.14.5\micrometer-observation-1.14.5.jar;C:\Users\acost\.m2\repository\io\micrometer\micrometer-commons\1.14.5\micrometer-commons-1.14.5.jar;C:\Users\acost\.m2\repository\org\springframework\spring-webmvc\6.2.5\spring-webmvc-6.2.5.jar;C:\Users\acost\.m2\repository\com\microsoft\sqlserver\mssql-jdbc\12.8.1.jre11\mssql-jdbc-12.8.1.jre11.jar;C:\Users\acost\.m2\repository\org\projectlombok\lombok\1.18.36\lombok-1.18.36.jar;C:\Users\acost\.m2\repository\jakarta\xml\bind\jakarta.xml.bind-api\4.0.2\jakarta.xml.bind-api-4.0.2.jar;C:\Users\acost\.m2\repository\jakarta\activation\jakarta.activation-api\2.1.3\jakarta.activation-api-2.1.3.jar;C:\Users\acost\.m2\repository\org\springframework\spring-core\6.2.5\spring-core-6.2.5.jar;C:\Users\acost\.m2\repository\org\springframework\spring-jcl\6.2.5\spring-jcl-6.2.5.jar;C:\Users\acost\.m2\repository\org\springframework\security\spring-security-core\6.4.4\spring-security-core-6.4.4.jar;C:\Users\acost\.m2\repository\org\springframework\security\spring-security-crypto\6.4.4\spring-security-crypto-6.4.4.jar;C:\Users\acost\.m2\repository\io\jsonwebtoken\jjwt-api\0.11.5\jjwt-api-0.11.5.jar;C:\Users\acost\.m2\repository\io\jsonwebtoken\jjwt-impl\0.11.5\jjwt-impl-0.11.5.jar;C:\Users\acost\.m2\repository\io\jsonwebtoken\jjwt-jackson\0.11.5\jjwt-jackson-0.11.5.jar;C:\Users\acost\.m2\repository\com\fasterxml\jackson\core\jackson-databind\2.18.3\jackson-databind-2.18.3.jar;C:\Users\acost\.m2\repository\com\fasterxml\jackson\core\jackson-annotations\2.18.3\jackson-annotations-2.18.3.jar;C:\Users\acost\.m2\repository\com\fasterxml\jackson\core\jackson-core\2.18.3\jackson-core-2.18.3.jar
Launcher Type: SUN_STANDARD

[Global flags]
     intx CICompilerCount                          = 12                                        {product} {ergonomic}
     uint ConcGCThreads                            = 3                                         {product} {ergonomic}
     uint G1ConcRefinementThreads                  = 13                                        {product} {ergonomic}
   size_t G1HeapRegionSize                         = 2097152                                   {product} {ergonomic}
    uintx GCDrainStackTargetSize                   = 64                                        {product} {ergonomic}
   size_t InitialHeapSize                          = 268435456                                 {product} {ergonomic}
   size_t MarkStackSize                            = 4194304                                   {product} {ergonomic}
   size_t MaxHeapSize                              = 4276092928                                {product} {ergonomic}
   size_t MaxNewSize                               = 2564816896                                {product} {ergonomic}
   size_t MinHeapDeltaBytes                        = 2097152                                   {product} {ergonomic}
   size_t MinHeapSize                              = 8388608                                   {product} {ergonomic}
    uintx NonNMethodCodeHeapSize                   = 7602480                                {pd product} {ergonomic}
    uintx NonProfiledCodeHeapSize                  = 122027880                              {pd product} {ergonomic}
    uintx ProfiledCodeHeapSize                     = 122027880                              {pd product} {ergonomic}
    uintx ReservedCodeCacheSize                    = 251658240                              {pd product} {ergonomic}
     bool SegmentedCodeCache                       = true                                      {product} {ergonomic}
   size_t SoftMaxHeapSize                          = 4276092928                             {manageable} {ergonomic}
     bool UseCompressedOops                        = true                           {product lp64_product} {ergonomic}
     bool UseG1GC                                  = true                                      {product} {ergonomic}
     bool UseLargePagesIndividualAllocation        = false                                  {pd product} {ergonomic}

Logging:
Log output configuration:
 #0: stdout all=warning uptime,level,tags foldmultilines=false
 #1: stderr all=off uptime,level,tags foldmultilines=false

Environment Variables:
PATH=C:\Program Files\Common Files\Oracle\Java\javapath;C:\Program Files (x86)\NVIDIA Corporation\PhysX\Common;C:\Windows\system32;C:\Windows;C:\Windows\System32\Wbem;C:\Windows\System32\WindowsPowerShell\v1.0\;C:\Windows\System32\OpenSSH\;C:\Program Files\Microsoft SQL Server\130\Tools\Binn\;C:\Program Files\Microsoft SQL Server\Client SDK\ODBC\170\Tools\Binn\;C:\Program Files\dotnet\;C:\Program Files (x86)\Windows Kits\10\Windows Performance Toolkit\;C:\Program Files\nodejs\;C:\Program Files (x86)\Microsoft SQL Server\160\Tools\Binn\;C:\Program Files\Microsoft SQL Server\160\Tools\Binn\;C:\Program Files\Microsoft SQL Server\160\DTS\Binn\;C:\Program Files (x86)\Microsoft SQL Server\160\DTS\Binn\;C:\Program Files\Git\cmd;C:\Users\acost\AppData\Local\Microsoft\WindowsApps;C:\Users\acost\AppData\Local\Programs\Microsoft VS Code\bin;C:\Users\acost\AppData\Roaming\npm;C:\Users\acost\.dotnet\tools
USERNAME=acost
OS=Windows_NT
PROCESSOR_IDENTIFIER=AMD64 Family 25 Model 33 Stepping 2, AuthenticAMD
TMP=C:\Users\acost\AppData\Local\Temp
TEMP=C:\Users\acost\AppData\Local\Temp




Periodic native trim disabled

---------------  S Y S T E M  ---------------

OS:
 Windows 10 , 64 bit Build 19041 (10.0.19041.5678)
OS uptime: 9 days 13:49 hours

CPU: total 16 (initial active 16) (16 cores per cpu, 2 threads per core) family 25 model 33 stepping 2 microcode 0x0, cx8, cmov, fxsr, ht, mmx, 3dnowpref, sse, sse2, sse3, ssse3, sse4a, sse4.1, sse4.2, popcnt, lzcnt, tsc, tscinvbit, avx, avx2, aes, erms, clmul, bmi1, bmi2, adx, sha, fma, vzeroupper, clflush, clflushopt, rdtscp, rdpid, fsrm, f16c, pku, cet_ss
Processor Information for all 16 processors :
  Max Mhz: 3401, Current Mhz: 3401, Mhz Limit: 3401

Memory: 4k page, system-wide physical 16307M (3487M free)
TotalPageFile size 65459M (AvailPageFile size 4M)
current process WorkingSet (physical memory assigned to process): 52M, peak: 52M
current process commit charge ("private bytes"): 357M, peak: 357M

vm_info: OpenJDK 64-Bit Server VM (21.0.2+13-58) for windows-amd64 JRE (21.0.2+13-58), built on 2024-01-05T18:32:24Z by "mach5one" with MS VC++ 17.1 (VS2022)

END.
